  [1m[36mActiveRecord::SchemaMigration Load (0.1ms)[0m  [1mSELECT "schema_migrations".* FROM "schema_migrations"[0m
Migrating to CreateContracts (20160106222757)
  [1m[35m (0.1ms)[0m  begin transaction
  [1m[36m (0.3ms)[0m  [1mCREATE TABLE "contracts" ("id" INTEGER PRIMARY KEY AUTOINCREMENT NOT NULL, "client" varchar, "equipment" varchar, "term" integer, "initial_date" date, "deadline" date, "total_price" float, "delivery_address" varchar, "responsable" varchar, "created_at" datetime NOT NULL, "updated_at" datetime NOT NULL) [0m
  [1m[35mSQL (0.2ms)[0m  INSERT INTO "schema_migrations" ("version") VALUES (?)  [["version", "20160106222757"]]
  [1m[36m (147.6ms)[0m  [1mcommit transaction[0m
Migrating to RemoveClientFromContracts (20160106235604)
  [1m[35m (0.1ms)[0m  begin transaction
  [1m[36m (0.3ms)[0m  [1mCREATE TEMPORARY TABLE "acontracts" ("id" INTEGER PRIMARY KEY AUTOINCREMENT NOT NULL, "client" varchar, "equipment" varchar, "term" integer, "initial_date" date, "deadline" date, "total_price" float, "delivery_address" varchar, "responsable" varchar, "created_at" datetime NOT NULL, "updated_at" datetime NOT NULL) [0m
  [1m[35m (0.1ms)[0m  SELECT * FROM "contracts"
  [1m[36m (0.2ms)[0m  [1mDROP TABLE "contracts"[0m
  [1m[35m (0.1ms)[0m  CREATE TABLE "contracts" ("id" INTEGER PRIMARY KEY AUTOINCREMENT NOT NULL, "equipment" varchar, "term" integer, "initial_date" date, "deadline" date, "total_price" float, "delivery_address" varchar, "responsable" varchar, "created_at" datetime NOT NULL, "updated_at" datetime NOT NULL) 
  [1m[36m (0.1ms)[0m  [1mSELECT * FROM "acontracts"[0m
  [1m[35m (0.1ms)[0m  DROP TABLE "acontracts"
  [1m[36mSQL (0.1ms)[0m  [1mINSERT INTO "schema_migrations" ("version") VALUES (?)[0m  [["version", "20160106235604"]]
  [1m[35m (140.5ms)[0m  commit transaction
Migrating to RemoveEquipmentFromContracts (20160106235620)
  [1m[36m (0.1ms)[0m  [1mbegin transaction[0m
  [1m[35m (0.2ms)[0m  CREATE TEMPORARY TABLE "acontracts" ("id" INTEGER PRIMARY KEY AUTOINCREMENT NOT NULL, "equipment" varchar, "term" integer, "initial_date" date, "deadline" date, "total_price" float, "delivery_address" varchar, "responsable" varchar, "created_at" datetime NOT NULL, "updated_at" datetime NOT NULL) 
  [1m[36m (0.1ms)[0m  [1mSELECT * FROM "contracts"[0m
  [1m[35m (0.2ms)[0m  DROP TABLE "contracts"
  [1m[36m (0.1ms)[0m  [1mCREATE TABLE "contracts" ("id" INTEGER PRIMARY KEY AUTOINCREMENT NOT NULL, "term" integer, "initial_date" date, "deadline" date, "total_price" float, "delivery_address" varchar, "responsable" varchar, "created_at" datetime NOT NULL, "updated_at" datetime NOT NULL) [0m
  [1m[35m (0.1ms)[0m  SELECT * FROM "acontracts"
  [1m[36m (0.1ms)[0m  [1mDROP TABLE "acontracts"[0m
  [1m[35mSQL (0.1ms)[0m  INSERT INTO "schema_migrations" ("version") VALUES (?)  [["version", "20160106235620"]]
  [1m[36m (152.3ms)[0m  [1mcommit transaction[0m
Migrating to AddToolsRefToContract (20160107000317)
  [1m[35m (0.1ms)[0m  begin transaction
  [1m[36m (0.3ms)[0m  [1mALTER TABLE "contracts" ADD "tool_id" integer[0m
  [1m[35m (0.1ms)[0m  select sqlite_version(*)
  [1m[36m (0.1ms)[0m  [1mCREATE  INDEX "index_contracts_on_tool_id" ON "contracts" ("tool_id")[0m
  [1m[35mSQL (0.1ms)[0m  INSERT INTO "schema_migrations" ("version") VALUES (?)  [["version", "20160107000317"]]
  [1m[36m (164.7ms)[0m  [1mcommit transaction[0m
Migrating to AddClientsRefToContract (20160107000400)
  [1m[35m (0.1ms)[0m  begin transaction
  [1m[36m (0.3ms)[0m  [1mALTER TABLE "contracts" ADD "client_id" integer[0m
  [1m[35m (0.1ms)[0m              SELECT sql
            FROM sqlite_master
            WHERE name='index_contracts_on_tool_id' AND type='index'
            UNION ALL
            SELECT sql
            FROM sqlite_temp_master
            WHERE name='index_contracts_on_tool_id' AND type='index'

  [1m[36m (0.1ms)[0m  [1mCREATE  INDEX "index_contracts_on_client_id" ON "contracts" ("client_id")[0m
  [1m[35mSQL (0.1ms)[0m  INSERT INTO "schema_migrations" ("version") VALUES (?)  [["version", "20160107000400"]]
  [1m[36m (164.8ms)[0m  [1mcommit transaction[0m
Migrating to ContractsTools (20160107003150)
  [1m[35m (0.1ms)[0m  begin transaction
  [1m[36m (0.7ms)[0m  [1mCREATE TABLE "contracts_tools" ("id" INTEGER PRIMARY KEY AUTOINCREMENT NOT NULL, "contract_id" integer, "tool_id" integer) [0m
  [1m[35m (0.4ms)[0m  CREATE  INDEX "index_contracts_tools_on_contract_id" ON "contracts_tools" ("contract_id")
  [1m[36mSQL (0.2ms)[0m  [1mINSERT INTO "schema_migrations" ("version") VALUES (?)[0m  [["version", "20160107003150"]]
  [1m[35m (138.9ms)[0m  commit transaction
Migrating to RemoveToolIdFromContracts (20160107003556)
  [1m[36m (0.1ms)[0m  [1mbegin transaction[0m
  [1m[35m (0.2ms)[0m  CREATE TEMPORARY TABLE "acontracts" ("id" INTEGER PRIMARY KEY AUTOINCREMENT NOT NULL, "term" integer, "initial_date" date, "deadline" date, "total_price" float, "delivery_address" varchar, "responsable" varchar, "created_at" datetime NOT NULL, "updated_at" datetime NOT NULL, "tool_id" integer, "client_id" integer) 
  [1m[36m (0.1ms)[0m  [1m            SELECT sql
            FROM sqlite_master
            WHERE name='index_contracts_on_client_id' AND type='index'
            UNION ALL
            SELECT sql
            FROM sqlite_temp_master
            WHERE name='index_contracts_on_client_id' AND type='index'
[0m
  [1m[35m (0.1ms)[0m              SELECT sql
            FROM sqlite_master
            WHERE name='index_contracts_on_tool_id' AND type='index'
            UNION ALL
            SELECT sql
            FROM sqlite_temp_master
            WHERE name='index_contracts_on_tool_id' AND type='index'

  [1m[36m (0.1ms)[0m  [1mCREATE  INDEX "tindex_acontracts_on_client_id" ON "acontracts" ("client_id")[0m
  [1m[35m (0.1ms)[0m  CREATE  INDEX "tindex_acontracts_on_tool_id" ON "acontracts" ("tool_id")
  [1m[36m (0.1ms)[0m  [1mSELECT * FROM "contracts"[0m
  [1m[35m (0.2ms)[0m  DROP TABLE "contracts"
  [1m[36m (0.1ms)[0m  [1mCREATE TABLE "contracts" ("id" INTEGER PRIMARY KEY AUTOINCREMENT NOT NULL, "term" integer, "initial_date" date, "deadline" date, "total_price" float, "delivery_address" varchar, "responsable" varchar, "created_at" datetime NOT NULL, "updated_at" datetime NOT NULL, "client_id" integer) [0m
  [1m[35m (0.1ms)[0m              SELECT sql
            FROM sqlite_master
            WHERE name='tindex_acontracts_on_tool_id' AND type='index'
            UNION ALL
            SELECT sql
            FROM sqlite_temp_master
            WHERE name='tindex_acontracts_on_tool_id' AND type='index'

  [1m[36m (0.1ms)[0m  [1m            SELECT sql
            FROM sqlite_master
            WHERE name='tindex_acontracts_on_client_id' AND type='index'
            UNION ALL
            SELECT sql
            FROM sqlite_temp_master
            WHERE name='tindex_acontracts_on_client_id' AND type='index'
[0m
  [1m[35m (0.1ms)[0m  CREATE  INDEX "index_contracts_on_client_id" ON "contracts" ("client_id")
  [1m[36m (0.1ms)[0m  [1mSELECT * FROM "acontracts"[0m
  [1m[35m (0.2ms)[0m  DROP TABLE "acontracts"
  [1m[36mSQL (0.1ms)[0m  [1mINSERT INTO "schema_migrations" ("version") VALUES (?)[0m  [["version", "20160107003556"]]
  [1m[35m (183.1ms)[0m  commit transaction
Migrating to ChangeColumnsClients (20160107223004)
  [1m[36m (0.2ms)[0m  [1mbegin transaction[0m
  [1m[35m (0.4ms)[0m  CREATE TEMPORARY TABLE "aclients" ("id" INTEGER PRIMARY KEY AUTOINCREMENT NOT NULL, "company_name" varchar, "cnpj" varchar, "nome_contato" varchar, "telefone" varchar, "email" varchar, "logradouro" varchar, "numero" integer, "complemento" varchar, "cep" varchar, "bairro" varchar, "cidade" varchar, "uf" varchar, "created_at" datetime NOT NULL, "updated_at" datetime NOT NULL) 
  [1m[36m (0.1ms)[0m  [1mSELECT * FROM "clients"[0m
  [1m[35m (0.2ms)[0m  DROP TABLE "clients"
  [1m[36m (0.2ms)[0m  [1mCREATE TABLE "clients" ("id" INTEGER PRIMARY KEY AUTOINCREMENT NOT NULL, "company_name" varchar, "cnpj" varchar, "nome_contato" varchar, "telefone" varchar, "email" varchar, "logradouro" varchar, "numero" integer, "complemento" varchar, "cep" varchar, "bairro" varchar, "cidade" varchar, "uf" varchar, "created_at" datetime NOT NULL, "updated_at" datetime NOT NULL) [0m
  [1m[35m (0.1ms)[0m  SELECT * FROM "aclients"
  [1m[36m (0.1ms)[0m  [1mDROP TABLE "aclients"[0m
  [1m[35m (0.1ms)[0m  CREATE TEMPORARY TABLE "aclients" ("id" INTEGER PRIMARY KEY AUTOINCREMENT NOT NULL, "company_name" varchar, "cnpj" varchar, "contact_name" varchar, "telefone" varchar, "email" varchar, "logradouro" varchar, "numero" integer, "complemento" varchar, "cep" varchar, "bairro" varchar, "cidade" varchar, "uf" varchar, "created_at" datetime NOT NULL, "updated_at" datetime NOT NULL) 
  [1m[36m (0.1ms)[0m  [1mSELECT * FROM "clients"[0m
  [1m[35m (0.2ms)[0m  DROP TABLE "clients"
  [1m[36m (0.1ms)[0m  [1mCREATE TABLE "clients" ("id" INTEGER PRIMARY KEY AUTOINCREMENT NOT NULL, "company_name" varchar, "cnpj" varchar, "contact_name" varchar, "telefone" varchar, "email" varchar, "logradouro" varchar, "numero" integer, "complemento" varchar, "cep" varchar, "bairro" varchar, "cidade" varchar, "uf" varchar, "created_at" datetime NOT NULL, "updated_at" datetime NOT NULL) [0m
  [1m[35m (0.1ms)[0m  SELECT * FROM "aclients"
  [1m[36m (0.1ms)[0m  [1mDROP TABLE "aclients"[0m
  [1m[35m (0.1ms)[0m  CREATE TEMPORARY TABLE "aclients" ("id" INTEGER PRIMARY KEY AUTOINCREMENT NOT NULL, "company_name" varchar, "cnpj" varchar, "contact_name" varchar, "phone" varchar, "email" varchar, "logradouro" varchar, "numero" integer, "complemento" varchar, "cep" varchar, "bairro" varchar, "cidade" varchar, "uf" varchar, "created_at" datetime NOT NULL, "updated_at" datetime NOT NULL) 
  [1m[36m (0.1ms)[0m  [1mSELECT * FROM "clients"[0m
  [1m[35m (0.1ms)[0m  DROP TABLE "clients"
  [1m[36m (0.1ms)[0m  [1mCREATE TABLE "clients" ("id" INTEGER PRIMARY KEY AUTOINCREMENT NOT NULL, "company_name" varchar, "cnpj" varchar, "contact_name" varchar, "phone" varchar, "email" varchar, "logradouro" varchar, "numero" integer, "complemento" varchar, "cep" varchar, "bairro" varchar, "cidade" varchar, "uf" varchar, "created_at" datetime NOT NULL, "updated_at" datetime NOT NULL) [0m
  [1m[35m (0.1ms)[0m  SELECT * FROM "aclients"
  [1m[36m (0.2ms)[0m  [1mDROP TABLE "aclients"[0m
  [1m[35m (0.2ms)[0m  CREATE TEMPORARY TABLE "aclients" ("id" INTEGER PRIMARY KEY AUTOINCREMENT NOT NULL, "company_name" varchar, "cnpj" varchar, "contact_name" varchar, "phone" varchar, "email" varchar, "address" varchar, "numero" integer, "complemento" varchar, "cep" varchar, "bairro" varchar, "cidade" varchar, "uf" varchar, "created_at" datetime NOT NULL, "updated_at" datetime NOT NULL) 
  [1m[36m (0.1ms)[0m  [1mSELECT * FROM "clients"[0m
  [1m[35m (0.4ms)[0m  DROP TABLE "clients"
  [1m[36m (0.6ms)[0m  [1mCREATE TABLE "clients" ("id" INTEGER PRIMARY KEY AUTOINCREMENT NOT NULL, "company_name" varchar, "cnpj" varchar, "contact_name" varchar, "phone" varchar, "email" varchar, "address" varchar, "numero" integer, "complemento" varchar, "cep" varchar, "bairro" varchar, "cidade" varchar, "uf" varchar, "created_at" datetime NOT NULL, "updated_at" datetime NOT NULL) [0m
  [1m[35m (0.1ms)[0m  SELECT * FROM "aclients"
  [1m[36m (0.1ms)[0m  [1mDROP TABLE "aclients"[0m
  [1m[35m (0.1ms)[0m  CREATE TEMPORARY TABLE "aclients" ("id" INTEGER PRIMARY KEY AUTOINCREMENT NOT NULL, "company_name" varchar, "cnpj" varchar, "contact_name" varchar, "phone" varchar, "email" varchar, "address" varchar, "address_number" integer, "complemento" varchar, "cep" varchar, "bairro" varchar, "cidade" varchar, "uf" varchar, "created_at" datetime NOT NULL, "updated_at" datetime NOT NULL) 
  [1m[36m (0.1ms)[0m  [1mSELECT * FROM "clients"[0m
  [1m[35m (0.1ms)[0m  DROP TABLE "clients"
  [1m[36m (0.1ms)[0m  [1mCREATE TABLE "clients" ("id" INTEGER PRIMARY KEY AUTOINCREMENT NOT NULL, "company_name" varchar, "cnpj" varchar, "contact_name" varchar, "phone" varchar, "email" varchar, "address" varchar, "address_number" integer, "complemento" varchar, "cep" varchar, "bairro" varchar, "cidade" varchar, "uf" varchar, "created_at" datetime NOT NULL, "updated_at" datetime NOT NULL) [0m
  [1m[35m (0.1ms)[0m  SELECT * FROM "aclients"
  [1m[36m (0.1ms)[0m  [1mDROP TABLE "aclients"[0m
  [1m[35m (0.1ms)[0m  CREATE TEMPORARY TABLE "aclients" ("id" INTEGER PRIMARY KEY AUTOINCREMENT NOT NULL, "company_name" varchar, "cnpj" varchar, "contact_name" varchar, "phone" varchar, "email" varchar, "address" varchar, "address_number" integer, "aditional_address_detail" varchar, "cep" varchar, "bairro" varchar, "cidade" varchar, "uf" varchar, "created_at" datetime NOT NULL, "updated_at" datetime NOT NULL) 
  [1m[36m (0.1ms)[0m  [1mSELECT * FROM "clients"[0m
  [1m[35m (0.1ms)[0m  DROP TABLE "clients"
  [1m[36m (0.2ms)[0m  [1mCREATE TABLE "clients" ("id" INTEGER PRIMARY KEY AUTOINCREMENT NOT NULL, "company_name" varchar, "cnpj" varchar, "contact_name" varchar, "phone" varchar, "email" varchar, "address" varchar, "address_number" integer, "aditional_address_detail" varchar, "cep" varchar, "bairro" varchar, "cidade" varchar, "uf" varchar, "created_at" datetime NOT NULL, "updated_at" datetime NOT NULL) [0m
  [1m[35m (0.1ms)[0m  SELECT * FROM "aclients"
  [1m[36m (0.1ms)[0m  [1mDROP TABLE "aclients"[0m
  [1m[35m (0.1ms)[0m  CREATE TEMPORARY TABLE "aclients" ("id" INTEGER PRIMARY KEY AUTOINCREMENT NOT NULL, "company_name" varchar, "cnpj" varchar, "contact_name" varchar, "phone" varchar, "email" varchar, "address" varchar, "address_number" integer, "aditional_address_detail" varchar, "zipcode" varchar, "bairro" varchar, "cidade" varchar, "uf" varchar, "created_at" datetime NOT NULL, "updated_at" datetime NOT NULL) 
  [1m[36m (0.1ms)[0m  [1mSELECT * FROM "clients"[0m
  [1m[35m (0.1ms)[0m  DROP TABLE "clients"
  [1m[36m (0.2ms)[0m  [1mCREATE TABLE "clients" ("id" INTEGER PRIMARY KEY AUTOINCREMENT NOT NULL, "company_name" varchar, "cnpj" varchar, "contact_name" varchar, "phone" varchar, "email" varchar, "address" varchar, "address_number" integer, "aditional_address_detail" varchar, "zipcode" varchar, "bairro" varchar, "cidade" varchar, "uf" varchar, "created_at" datetime NOT NULL, "updated_at" datetime NOT NULL) [0m
  [1m[35m (0.1ms)[0m  SELECT * FROM "aclients"
  [1m[36m (0.2ms)[0m  [1mDROP TABLE "aclients"[0m
  [1m[35m (0.4ms)[0m  CREATE TEMPORARY TABLE "aclients" ("id" INTEGER PRIMARY KEY AUTOINCREMENT NOT NULL, "company_name" varchar, "cnpj" varchar, "contact_name" varchar, "phone" varchar, "email" varchar, "address" varchar, "address_number" integer, "aditional_address_detail" varchar, "zipcode" varchar, "neighborhood" varchar, "cidade" varchar, "uf" varchar, "created_at" datetime NOT NULL, "updated_at" datetime NOT NULL) 
  [1m[36m (0.1ms)[0m  [1mSELECT * FROM "clients"[0m
  [1m[35m (0.5ms)[0m  DROP TABLE "clients"
  [1m[36m (0.9ms)[0m  [1mCREATE TABLE "clients" ("id" INTEGER PRIMARY KEY AUTOINCREMENT NOT NULL, "company_name" varchar, "cnpj" varchar, "contact_name" varchar, "phone" varchar, "email" varchar, "address" varchar, "address_number" integer, "aditional_address_detail" varchar, "zipcode" varchar, "neighborhood" varchar, "cidade" varchar, "uf" varchar, "created_at" datetime NOT NULL, "updated_at" datetime NOT NULL) [0m
  [1m[35m (0.2ms)[0m  SELECT * FROM "aclients"
  [1m[36m (0.3ms)[0m  [1mDROP TABLE "aclients"[0m
  [1m[35m (0.4ms)[0m  CREATE TEMPORARY TABLE "aclients" ("id" INTEGER PRIMARY KEY AUTOINCREMENT NOT NULL, "company_name" varchar, "cnpj" varchar, "contact_name" varchar, "phone" varchar, "email" varchar, "address" varchar, "address_number" integer, "aditional_address_detail" varchar, "zipcode" varchar, "neighborhood" varchar, "city" varchar, "uf" varchar, "created_at" datetime NOT NULL, "updated_at" datetime NOT NULL) 
  [1m[36m (0.1ms)[0m  [1mSELECT * FROM "clients"[0m
  [1m[35m (0.1ms)[0m  DROP TABLE "clients"
  [1m[36m (0.2ms)[0m  [1mCREATE TABLE "clients" ("id" INTEGER PRIMARY KEY AUTOINCREMENT NOT NULL, "company_name" varchar, "cnpj" varchar, "contact_name" varchar, "phone" varchar, "email" varchar, "address" varchar, "address_number" integer, "aditional_address_detail" varchar, "zipcode" varchar, "neighborhood" varchar, "city" varchar, "uf" varchar, "created_at" datetime NOT NULL, "updated_at" datetime NOT NULL) [0m
  [1m[35m (0.1ms)[0m  SELECT * FROM "aclients"
  [1m[36m (0.1ms)[0m  [1mDROP TABLE "aclients"[0m
  [1m[35m (0.1ms)[0m  CREATE TEMPORARY TABLE "aclients" ("id" INTEGER PRIMARY KEY AUTOINCREMENT NOT NULL, "company_name" varchar, "cnpj" varchar, "contact_name" varchar, "phone" varchar, "email" varchar, "address" varchar, "address_number" integer, "aditional_address_detail" varchar, "zipcode" varchar, "neighborhood" varchar, "city" varchar, "state" varchar, "created_at" datetime NOT NULL, "updated_at" datetime NOT NULL) 
  [1m[36m (0.1ms)[0m  [1mSELECT * FROM "clients"[0m
  [1m[35m (0.1ms)[0m  DROP TABLE "clients"
  [1m[36m (0.1ms)[0m  [1mCREATE TABLE "clients" ("id" INTEGER PRIMARY KEY AUTOINCREMENT NOT NULL, "company_name" varchar, "cnpj" varchar, "contact_name" varchar, "phone" varchar, "email" varchar, "address" varchar, "address_number" integer, "aditional_address_detail" varchar, "zipcode" varchar, "neighborhood" varchar, "city" varchar, "state" varchar, "created_at" datetime NOT NULL, "updated_at" datetime NOT NULL) [0m
  [1m[35m (0.1ms)[0m  SELECT * FROM "aclients"
  [1m[36m (0.1ms)[0m  [1mDROP TABLE "aclients"[0m
  [1m[35mSQL (0.1ms)[0m  INSERT INTO "schema_migrations" ("version") VALUES (?)  [["version", "20160107223004"]]
  [1m[36m (187.5ms)[0m  [1mcommit transaction[0m
  [1m[35mActiveRecord::SchemaMigration Load (0.1ms)[0m  SELECT "schema_migrations".* FROM "schema_migrations"
  [1m[36m (0.1ms)[0m  [1m            SELECT sql
            FROM sqlite_master
            WHERE name='index_contracts_on_client_id' AND type='index'
            UNION ALL
            SELECT sql
            FROM sqlite_temp_master
            WHERE name='index_contracts_on_client_id' AND type='index'
[0m
  [1m[35m (0.1ms)[0m              SELECT sql
            FROM sqlite_master
            WHERE name='index_contracts_tools_on_contract_id' AND type='index'
            UNION ALL
            SELECT sql
            FROM sqlite_temp_master
            WHERE name='index_contracts_tools_on_contract_id' AND type='index'

  [1m[36m (0.1ms)[0m  [1mSELECT "schema_migrations"."version" FROM "schema_migrations"[0m
  [1m[36mActiveRecord::SchemaMigration Load (0.1ms)[0m  [1mSELECT "schema_migrations".* FROM "schema_migrations"[0m
Migrating to CreatePrices (20160107221547)
  [1m[35m (0.1ms)[0m  begin transaction
  [1m[36m (0.4ms)[0m  [1mCREATE TABLE "prices" ("id" INTEGER PRIMARY KEY AUTOINCREMENT NOT NULL, "price" decimal, "tools_group" varchar, "deadline" integer, "created_at" datetime NOT NULL, "updated_at" datetime NOT NULL) [0m
  [1m[35mSQL (0.2ms)[0m  INSERT INTO "schema_migrations" ("version") VALUES (?)  [["version", "20160107221547"]]
  [1m[36m (282.6ms)[0m  [1mcommit transaction[0m
  [1m[35mActiveRecord::SchemaMigration Load (0.3ms)[0m  SELECT "schema_migrations".* FROM "schema_migrations"
  [1m[36m (0.3ms)[0m  [1m            SELECT sql
            FROM sqlite_master
            WHERE name='index_contracts_on_client_id' AND type='index'
            UNION ALL
            SELECT sql
            FROM sqlite_temp_master
            WHERE name='index_contracts_on_client_id' AND type='index'
[0m
  [1m[35m (0.2ms)[0m              SELECT sql
            FROM sqlite_master
            WHERE name='index_contracts_tools_on_contract_id' AND type='index'
            UNION ALL
            SELECT sql
            FROM sqlite_temp_master
            WHERE name='index_contracts_tools_on_contract_id' AND type='index'



Started GET "/" for 127.0.0.1 at 2016-01-11 19:17:21 -0200
  [1m[36mActiveRecord::SchemaMigration Load (0.1ms)[0m  [1mSELECT "schema_migrations".* FROM "schema_migrations"[0m

ActionController::RoutingError (uninitialized constant HomeController):
  activesupport (4.2.5) lib/active_support/inflector/methods.rb:261:in `const_get'
  activesupport (4.2.5) lib/active_support/inflector/methods.rb:261:in `block in constantize'
  activesupport (4.2.5) lib/active_support/inflector/methods.rb:259:in `each'
  activesupport (4.2.5) lib/active_support/inflector/methods.rb:259:in `inject'
  activesupport (4.2.5) lib/active_support/inflector/methods.rb:259:in `constantize'
  actionpack (4.2.5) lib/action_dispatch/routing/route_set.rb:72:in `controller_reference'
  actionpack (4.2.5) lib/action_dispatch/routing/route_set.rb:62:in `controller'
  actionpack (4.2.5) lib/action_dispatch/routing/route_set.rb:41:in `serve'
  actionpack (4.2.5) lib/action_dispatch/journey/router.rb:43:in `block in serve'
  actionpack (4.2.5) lib/action_dispatch/journey/router.rb:30:in `each'
  actionpack (4.2.5) lib/action_dispatch/journey/router.rb:30:in `serve'
  actionpack (4.2.5) lib/action_dispatch/routing/route_set.rb:817:in `call'
  rack (1.6.4) lib/rack/etag.rb:24:in `call'
  rack (1.6.4) lib/rack/conditionalget.rb:25:in `call'
  rack (1.6.4) lib/rack/head.rb:13:in `call'
  actionpack (4.2.5) lib/action_dispatch/middleware/params_parser.rb:27:in `call'
  actionpack (4.2.5) lib/action_dispatch/middleware/flash.rb:260:in `call'
  rack (1.6.4) lib/rack/session/abstract/id.rb:225:in `context'
  rack (1.6.4) lib/rack/session/abstract/id.rb:220:in `call'
  actionpack (4.2.5) lib/action_dispatch/middleware/cookies.rb:560:in `call'
  activerecord (4.2.5) lib/active_record/query_cache.rb:36:in `call'
  activerecord (4.2.5) lib/active_record/connection_adapters/abstract/connection_pool.rb:653:in `call'
  activerecord (4.2.5) lib/active_record/migration.rb:377:in `call'
  actionpack (4.2.5) lib/action_dispatch/middleware/callbacks.rb:29:in `block in call'
  activesupport (4.2.5) lib/active_support/callbacks.rb:88:in `__run_callbacks__'
  activesupport (4.2.5) lib/active_support/callbacks.rb:778:in `_run_call_callbacks'
  activesupport (4.2.5) lib/active_support/callbacks.rb:81:in `run_callbacks'
  actionpack (4.2.5) lib/action_dispatch/middleware/callbacks.rb:27:in `call'
  actionpack (4.2.5) lib/action_dispatch/middleware/reloader.rb:73:in `call'
  actionpack (4.2.5) lib/action_dispatch/middleware/remote_ip.rb:78:in `call'
  actionpack (4.2.5) lib/action_dispatch/middleware/debug_exceptions.rb:17:in `call'
  web-console (2.2.1) lib/web_console/middleware.rb:39:in `call'
  actionpack (4.2.5) lib/action_dispatch/middleware/show_exceptions.rb:30:in `call'
  railties (4.2.5) lib/rails/rack/logger.rb:38:in `call_app'
  railties (4.2.5) lib/rails/rack/logger.rb:20:in `block in call'
  activesupport (4.2.5) lib/active_support/tagged_logging.rb:68:in `block in tagged'
  activesupport (4.2.5) lib/active_support/tagged_logging.rb:26:in `tagged'
  activesupport (4.2.5) lib/active_support/tagged_logging.rb:68:in `tagged'
  railties (4.2.5) lib/rails/rack/logger.rb:20:in `call'
  actionpack (4.2.5) lib/action_dispatch/middleware/request_id.rb:21:in `call'
  rack (1.6.4) lib/rack/methodoverride.rb:22:in `call'
  rack (1.6.4) lib/rack/runtime.rb:18:in `call'
  activesupport (4.2.5) lib/active_support/cache/strategy/local_cache_middleware.rb:28:in `call'
  rack (1.6.4) lib/rack/lock.rb:17:in `call'
  actionpack (4.2.5) lib/action_dispatch/middleware/static.rb:116:in `call'
  rack (1.6.4) lib/rack/sendfile.rb:113:in `call'
  railties (4.2.5) lib/rails/engine.rb:518:in `call'
  railties (4.2.5) lib/rails/application.rb:165:in `call'
  rack (1.6.4) lib/rack/lock.rb:17:in `call'
  rack (1.6.4) lib/rack/content_length.rb:15:in `call'
  rack (1.6.4) lib/rack/handler/webrick.rb:88:in `service'
  /home/campuscode/.rvm/rubies/ruby-2.2.1/lib/ruby/2.2.0/webrick/httpserver.rb:138:in `service'
  /home/campuscode/.rvm/rubies/ruby-2.2.1/lib/ruby/2.2.0/webrick/httpserver.rb:94:in `run'
  /home/campuscode/.rvm/rubies/ruby-2.2.1/lib/ruby/2.2.0/webrick/server.rb:294:in `block in start_thread'


  Rendered /home/campuscode/.rvm/gems/ruby-2.2.1/gems/actionpack-4.2.5/lib/action_dispatch/middleware/templates/rescues/_trace.html.erb (1.6ms)
  Rendered /home/campuscode/.rvm/gems/ruby-2.2.1/gems/actionpack-4.2.5/lib/action_dispatch/middleware/templates/routes/_route.html.erb (1.3ms)
  Rendered /home/campuscode/.rvm/gems/ruby-2.2.1/gems/actionpack-4.2.5/lib/action_dispatch/middleware/templates/routes/_table.html.erb (11.4ms)
  Rendered /home/campuscode/.rvm/gems/ruby-2.2.1/gems/actionpack-4.2.5/lib/action_dispatch/middleware/templates/rescues/_request_and_response.html.erb (28.3ms)
  Rendered /home/campuscode/.rvm/gems/ruby-2.2.1/gems/actionpack-4.2.5/lib/action_dispatch/middleware/templates/rescues/routing_error.html.erb within rescues/layout (76.1ms)
  Rendered /home/campuscode/.rvm/gems/ruby-2.2.1/gems/web-console-2.2.1/lib/web_console/templates/_markup.html.erb (0.7ms)
  Rendered /home/campuscode/.rvm/gems/ruby-2.2.1/gems/web-console-2.2.1/lib/web_console/templates/_inner_console_markup.html.erb within layouts/inlined_string (0.3ms)
  Rendered /home/campuscode/.rvm/gems/ruby-2.2.1/gems/web-console-2.2.1/lib/web_console/templates/_prompt_box_markup.html.erb within layouts/inlined_string (0.3ms)
  Rendered /home/campuscode/.rvm/gems/ruby-2.2.1/gems/web-console-2.2.1/lib/web_console/templates/style.css.erb within layouts/inlined_string (0.3ms)
  Rendered /home/campuscode/.rvm/gems/ruby-2.2.1/gems/web-console-2.2.1/lib/web_console/templates/console.js.erb within layouts/javascript (18.3ms)
  Rendered /home/campuscode/.rvm/gems/ruby-2.2.1/gems/web-console-2.2.1/lib/web_console/templates/main.js.erb within layouts/javascript (1.4ms)
  Rendered /home/campuscode/.rvm/gems/ruby-2.2.1/gems/web-console-2.2.1/lib/web_console/templates/error_page.js.erb within layouts/javascript (0.5ms)
  Rendered /home/campuscode/.rvm/gems/ruby-2.2.1/gems/web-console-2.2.1/lib/web_console/templates/index.html.erb (48.8ms)


Started GET "/clients/new" for 127.0.0.1 at 2016-01-11 19:17:33 -0200
Processing by ClientsController#new as HTML
  Rendered clients/new.html.erb within layouts/application (102.9ms)
Completed 200 OK in 541ms (Views: 522.2ms | ActiveRecord: 0.5ms)


Started GET "/assets/tools.self-e3b0c44298fc1c149afbf4c8996fb92427ae41e4649b934ca495991b7852b855.css?body=1" for 127.0.0.1 at 2016-01-11 19:17:34 -0200


Started GET "/assets/application.self-e80e8f2318043e8af94dddc2adad5a4f09739a8ebb323b3ab31cd71d45fd9113.css?body=1" for 127.0.0.1 at 2016-01-11 19:17:34 -0200


Started GET "/assets/jquery.self-a714331225dda820228db323939889f149aec0127aeb06255646b616ba1ca419.js?body=1" for 127.0.0.1 at 2016-01-11 19:17:34 -0200


Started GET "/assets/jquery_ujs.self-d456baa54c1fa6be2ec3711f0a72ddf7a5b2f34a6b4f515f33767d6207b7d4b3.js?body=1" for 127.0.0.1 at 2016-01-11 19:17:34 -0200


Started GET "/assets/application.self-3b8dabdc891efe46b9a144b400ad69e37d7e5876bdc39dee783419a69d7ca819.js?body=1" for 127.0.0.1 at 2016-01-11 19:17:34 -0200


Started GET "/assets/tools.self-877aef30ae1b040ab8a3aba4e3e309a11d7f2612f44dde450b5c157aa5f95c05.js?body=1" for 127.0.0.1 at 2016-01-11 19:17:34 -0200


Started GET "/assets/turbolinks.self-c37727e9bd6b2735da5c311aa83fead54ed0be6cc8bd9a65309e9c5abe2cbfff.js?body=1" for 127.0.0.1 at 2016-01-11 19:17:34 -0200


Started GET "/clients" for 127.0.0.1 at 2016-01-11 19:17:48 -0200
Processing by ClientsController#index as HTML
  [1m[35mClient Load (0.2ms)[0m  SELECT "clients".* FROM "clients"
  Rendered clients/index.html.erb within layouts/application (1.6ms)
Completed 200 OK in 29ms (Views: 25.6ms | ActiveRecord: 0.2ms)


Started GET "/clients/new" for 127.0.0.1 at 2016-01-11 19:19:30 -0200
Processing by ClientsController#new as HTML
  Rendered clients/new.html.erb within layouts/application (41.2ms)
Completed 500 Internal Server Error in 46ms (ActiveRecord: 0.0ms)

ActionView::Template::Error (undefined method `text' for #<SimpleForm::FormBuilder:0x007fa1b006d700>):
    12:   <%= f.input :phone %>
    13:   <%= f.input :email %>
    14:   <%= f.input :address %>
    15:   <%= f.text :address_number %>
    16:   <%= f.input :aditional_address_detail %>
    17:   <%= f.input :zipcode %>
    18:   <%= f.input :neighborhood %>
  app/views/clients/new.html.erb:15:in `block in _app_views_clients_new_html_erb___4497229379326131611_70166209792700'
  app/views/clients/new.html.erb:8:in `_app_views_clients_new_html_erb___4497229379326131611_70166209792700'


  Rendered /home/campuscode/.rvm/gems/ruby-2.2.1/gems/actionpack-4.2.5/lib/action_dispatch/middleware/templates/rescues/_source.erb (16.2ms)
  Rendered /home/campuscode/.rvm/gems/ruby-2.2.1/gems/actionpack-4.2.5/lib/action_dispatch/middleware/templates/rescues/_trace.html.erb (4.6ms)
  Rendered /home/campuscode/.rvm/gems/ruby-2.2.1/gems/actionpack-4.2.5/lib/action_dispatch/middleware/templates/rescues/_request_and_response.html.erb (4.1ms)
  Rendered /home/campuscode/.rvm/gems/ruby-2.2.1/gems/actionpack-4.2.5/lib/action_dispatch/middleware/templates/rescues/template_error.html.erb within rescues/layout (43.4ms)
  Rendered /home/campuscode/.rvm/gems/ruby-2.2.1/gems/web-console-2.2.1/lib/web_console/templates/_markup.html.erb (0.3ms)
  Rendered /home/campuscode/.rvm/gems/ruby-2.2.1/gems/web-console-2.2.1/lib/web_console/templates/_inner_console_markup.html.erb within layouts/inlined_string (0.8ms)
  Rendered /home/campuscode/.rvm/gems/ruby-2.2.1/gems/web-console-2.2.1/lib/web_console/templates/_prompt_box_markup.html.erb within layouts/inlined_string (0.7ms)
  Rendered /home/campuscode/.rvm/gems/ruby-2.2.1/gems/web-console-2.2.1/lib/web_console/templates/style.css.erb within layouts/inlined_string (0.3ms)
  Rendered /home/campuscode/.rvm/gems/ruby-2.2.1/gems/web-console-2.2.1/lib/web_console/templates/console.js.erb within layouts/javascript (19.3ms)
  Rendered /home/campuscode/.rvm/gems/ruby-2.2.1/gems/web-console-2.2.1/lib/web_console/templates/main.js.erb within layouts/javascript (1.4ms)
  Rendered /home/campuscode/.rvm/gems/ruby-2.2.1/gems/web-console-2.2.1/lib/web_console/templates/error_page.js.erb within layouts/javascript (2.4ms)
  Rendered /home/campuscode/.rvm/gems/ruby-2.2.1/gems/web-console-2.2.1/lib/web_console/templates/index.html.erb (46.0ms)


Started GET "/clients/new" for 127.0.0.1 at 2016-01-11 19:20:10 -0200
Processing by ClientsController#new as HTML
  Rendered clients/new.html.erb within layouts/application (41.5ms)
Completed 200 OK in 53ms (Views: 52.2ms | ActiveRecord: 0.0ms)


Started GET "/assets/tools.self-e3b0c44298fc1c149afbf4c8996fb92427ae41e4649b934ca495991b7852b855.css?body=1" for 127.0.0.1 at 2016-01-11 19:20:10 -0200


Started GET "/assets/application.self-e80e8f2318043e8af94dddc2adad5a4f09739a8ebb323b3ab31cd71d45fd9113.css?body=1" for 127.0.0.1 at 2016-01-11 19:20:10 -0200


Started GET "/assets/jquery.self-a714331225dda820228db323939889f149aec0127aeb06255646b616ba1ca419.js?body=1" for 127.0.0.1 at 2016-01-11 19:20:10 -0200


Started GET "/assets/application.self-3b8dabdc891efe46b9a144b400ad69e37d7e5876bdc39dee783419a69d7ca819.js?body=1" for 127.0.0.1 at 2016-01-11 19:20:10 -0200


Started GET "/assets/jquery_ujs.self-d456baa54c1fa6be2ec3711f0a72ddf7a5b2f34a6b4f515f33767d6207b7d4b3.js?body=1" for 127.0.0.1 at 2016-01-11 19:20:10 -0200


Started GET "/assets/tools.self-877aef30ae1b040ab8a3aba4e3e309a11d7f2612f44dde450b5c157aa5f95c05.js?body=1" for 127.0.0.1 at 2016-01-11 19:20:10 -0200


Started GET "/assets/turbolinks.self-c37727e9bd6b2735da5c311aa83fead54ed0be6cc8bd9a65309e9c5abe2cbfff.js?body=1" for 127.0.0.1 at 2016-01-11 19:20:10 -0200


Started GET "/clients/new" for 127.0.0.1 at 2016-01-11 19:20:27 -0200
Processing by ClientsController#new as HTML
  Rendered clients/new.html.erb within layouts/application (34.9ms)
Completed 200 OK in 45ms (Views: 44.7ms | ActiveRecord: 0.0ms)


Started GET "/assets/tools.self-e3b0c44298fc1c149afbf4c8996fb92427ae41e4649b934ca495991b7852b855.css?body=1" for 127.0.0.1 at 2016-01-11 19:20:27 -0200


Started GET "/assets/application.self-e80e8f2318043e8af94dddc2adad5a4f09739a8ebb323b3ab31cd71d45fd9113.css?body=1" for 127.0.0.1 at 2016-01-11 19:20:27 -0200


Started GET "/assets/turbolinks.self-c37727e9bd6b2735da5c311aa83fead54ed0be6cc8bd9a65309e9c5abe2cbfff.js?body=1" for 127.0.0.1 at 2016-01-11 19:20:27 -0200


Started GET "/assets/tools.self-877aef30ae1b040ab8a3aba4e3e309a11d7f2612f44dde450b5c157aa5f95c05.js?body=1" for 127.0.0.1 at 2016-01-11 19:20:27 -0200


Started GET "/assets/jquery_ujs.self-d456baa54c1fa6be2ec3711f0a72ddf7a5b2f34a6b4f515f33767d6207b7d4b3.js?body=1" for 127.0.0.1 at 2016-01-11 19:20:27 -0200


Started GET "/assets/jquery.self-a714331225dda820228db323939889f149aec0127aeb06255646b616ba1ca419.js?body=1" for 127.0.0.1 at 2016-01-11 19:20:27 -0200


Started GET "/assets/application.self-3b8dabdc891efe46b9a144b400ad69e37d7e5876bdc39dee783419a69d7ca819.js?body=1" for 127.0.0.1 at 2016-01-11 19:20:27 -0200


Started POST "/clients" for 127.0.0.1 at 2016-01-11 19:20:41 -0200
Processing by ClientsController#create as HTML
  Parameters: {"utf8"=>"✓", "authenticity_token"=>"nCHATMX+iXOhmmFGnceMJU2anGqXUUeOx+CINCvMd+PTaVfhZHjTcV49wJ8Kq7nPfy2xjpse53N7VLdl53DPcw==", "client"=>{"company_name"=>"TESTE", "cnpj"=>"TESTE", "contact_name"=>"TESTE", "phone"=>"TESTE", "email"=>"TESTE", "address"=>"TESTE", "address_number"=>"", "aditional_address_detail"=>"TESTE", "zipcode"=>"TESTE", "neighborhood"=>"TESTE", "city"=>"TESTE", "state"=>"TESTE"}, "commit"=>"Criar Cliente"}
  [1m[36m (0.1ms)[0m  [1mbegin transaction[0m
  [1m[35m (0.1ms)[0m  rollback transaction
  Rendered clients/new.html.erb within layouts/application (15.3ms)
Completed 200 OK in 28ms (Views: 25.5ms | ActiveRecord: 0.1ms)


Started POST "/clients" for 127.0.0.1 at 2016-01-11 19:22:39 -0200
Processing by ClientsController#create as HTML
  Parameters: {"utf8"=>"✓", "authenticity_token"=>"nCHATMX+iXOhmmFGnceMJU2anGqXUUeOx+CINCvMd+PTaVfhZHjTcV49wJ8Kq7nPfy2xjpse53N7VLdl53DPcw==", "client"=>{"company_name"=>"TESTE", "cnpj"=>"TESTE", "contact_name"=>"TESTE", "phone"=>"TESTE", "email"=>"TESTE", "address"=>"TESTE", "address_number"=>"", "aditional_address_detail"=>"TESTE", "zipcode"=>"TESTE", "neighborhood"=>"TESTE", "city"=>"TESTE", "state"=>"TESTE"}, "commit"=>"Criar Cliente"}
  [1m[36m (0.1ms)[0m  [1mbegin transaction[0m
  [1m[35m (0.1ms)[0m  rollback transaction
  Rendered clients/new.html.erb within layouts/application (43.6ms)
Completed 200 OK in 59ms (Views: 52.9ms | ActiveRecord: 0.2ms)


Started GET "/assets/tools.self-e3b0c44298fc1c149afbf4c8996fb92427ae41e4649b934ca495991b7852b855.css?body=1" for 127.0.0.1 at 2016-01-11 19:22:39 -0200


Started GET "/assets/tools.self-877aef30ae1b040ab8a3aba4e3e309a11d7f2612f44dde450b5c157aa5f95c05.js?body=1" for 127.0.0.1 at 2016-01-11 19:22:39 -0200


Started GET "/assets/turbolinks.self-c37727e9bd6b2735da5c311aa83fead54ed0be6cc8bd9a65309e9c5abe2cbfff.js?body=1" for 127.0.0.1 at 2016-01-11 19:22:39 -0200


Started GET "/assets/application.self-e80e8f2318043e8af94dddc2adad5a4f09739a8ebb323b3ab31cd71d45fd9113.css?body=1" for 127.0.0.1 at 2016-01-11 19:22:39 -0200


Started GET "/assets/application.self-3b8dabdc891efe46b9a144b400ad69e37d7e5876bdc39dee783419a69d7ca819.js?body=1" for 127.0.0.1 at 2016-01-11 19:22:39 -0200


Started GET "/assets/jquery_ujs.self-d456baa54c1fa6be2ec3711f0a72ddf7a5b2f34a6b4f515f33767d6207b7d4b3.js?body=1" for 127.0.0.1 at 2016-01-11 19:22:39 -0200


Started GET "/assets/jquery.self-a714331225dda820228db323939889f149aec0127aeb06255646b616ba1ca419.js?body=1" for 127.0.0.1 at 2016-01-11 19:22:39 -0200


Started POST "/clients" for 127.0.0.1 at 2016-01-11 19:24:18 -0200
Processing by ClientsController#create as HTML
  Parameters: {"utf8"=>"✓", "authenticity_token"=>"nCHATMX+iXOhmmFGnceMJU2anGqXUUeOx+CINCvMd+PTaVfhZHjTcV49wJ8Kq7nPfy2xjpse53N7VLdl53DPcw==", "client"=>{"company_name"=>"TESTE", "cnpj"=>"TESTE", "contact_name"=>"TESTE", "phone"=>"TESTE", "email"=>"TESTE", "address"=>"TESTE", "address_number"=>"", "aditional_address_detail"=>"TESTE", "zipcode"=>"TESTE", "neighborhood"=>"TESTE", "city"=>"TESTE", "state"=>"TESTE"}, "commit"=>"Criar Cliente"}
  [1m[36m (0.1ms)[0m  [1mbegin transaction[0m
  [1m[35m (0.1ms)[0m  rollback transaction
  Rendered clients/new.html.erb within layouts/application (33.0ms)
Completed 200 OK in 51ms (Views: 47.7ms | ActiveRecord: 0.2ms)


Started GET "/assets/tools.self-e3b0c44298fc1c149afbf4c8996fb92427ae41e4649b934ca495991b7852b855.css?body=1" for 127.0.0.1 at 2016-01-11 19:24:18 -0200


Started GET "/assets/application.self-e80e8f2318043e8af94dddc2adad5a4f09739a8ebb323b3ab31cd71d45fd9113.css?body=1" for 127.0.0.1 at 2016-01-11 19:24:18 -0200


Started GET "/assets/application.self-3b8dabdc891efe46b9a144b400ad69e37d7e5876bdc39dee783419a69d7ca819.js?body=1" for 127.0.0.1 at 2016-01-11 19:24:18 -0200


Started GET "/assets/jquery.self-a714331225dda820228db323939889f149aec0127aeb06255646b616ba1ca419.js?body=1" for 127.0.0.1 at 2016-01-11 19:24:18 -0200


Started GET "/assets/jquery_ujs.self-d456baa54c1fa6be2ec3711f0a72ddf7a5b2f34a6b4f515f33767d6207b7d4b3.js?body=1" for 127.0.0.1 at 2016-01-11 19:24:18 -0200


Started GET "/assets/turbolinks.self-c37727e9bd6b2735da5c311aa83fead54ed0be6cc8bd9a65309e9c5abe2cbfff.js?body=1" for 127.0.0.1 at 2016-01-11 19:24:18 -0200


Started GET "/assets/tools.self-877aef30ae1b040ab8a3aba4e3e309a11d7f2612f44dde450b5c157aa5f95c05.js?body=1" for 127.0.0.1 at 2016-01-11 19:24:18 -0200


Started POST "/clients" for 127.0.0.1 at 2016-01-11 19:24:24 -0200
Processing by ClientsController#create as HTML
  Parameters: {"utf8"=>"✓", "authenticity_token"=>"z53ZHZdYR1Lhgvnd5UKpQiAd4DiHCEscVuv/0hG4Qp+A1U6wNt4dUB4lWARyLpyoEqrN3ItH6+HqX8CD3QT6Dw==", "client"=>{"company_name"=>"TESTE", "cnpj"=>"TESTE", "contact_name"=>"TESTE", "phone"=>"TESTE", "email"=>"TESTE", "address"=>"TESTE", "address_number"=>"TESTE", "aditional_address_detail"=>"TESTE", "zipcode"=>"TESTE", "neighborhood"=>"TESTE", "city"=>"TESTE", "state"=>"TESTE"}, "commit"=>"Criar Cliente"}
  [1m[36m (0.1ms)[0m  [1mbegin transaction[0m
  [1m[35mSQL (0.3ms)[0m  INSERT INTO "clients" ("company_name", "cnpj", "contact_name", "phone", "email", "address", "address_number", "aditional_address_detail", "zipcode", "neighborhood", "city", "state", "created_at", "updated_at") VALUES (?, ?, ?, ?, ?, ?, ?, ?, ?, ?, ?, ?, ?, ?)  [["company_name", "TESTE"], ["cnpj", "TESTE"], ["contact_name", "TESTE"], ["phone", "TESTE"], ["email", "TESTE"], ["address", "TESTE"], ["address_number", 0], ["aditional_address_detail", "TESTE"], ["zipcode", "TESTE"], ["neighborhood", "TESTE"], ["city", "TESTE"], ["state", "TESTE"], ["created_at", "2016-01-11 21:24:24.553879"], ["updated_at", "2016-01-11 21:24:24.553879"]]
  [1m[36m (200.4ms)[0m  [1mcommit transaction[0m
Redirected to http://localhost:3000/clients/1
Completed 302 Found in 240ms (ActiveRecord: 200.9ms)


Started GET "/clients/1" for 127.0.0.1 at 2016-01-11 19:24:24 -0200
Processing by ClientsController#show as HTML
  Parameters: {"id"=>"1"}
  [1m[35mClient Load (0.2ms)[0m  SELECT  "clients".* FROM "clients" WHERE "clients"."id" = ? LIMIT 1  [["id", 1]]
  Rendered clients/show.html.erb within layouts/application (0.4ms)
Completed 200 OK in 47ms (Views: 9.6ms | ActiveRecord: 0.2ms)


Started GET "/clients" for 127.0.0.1 at 2016-01-11 19:24:29 -0200
Processing by ClientsController#index as HTML
  [1m[36mClient Load (0.2ms)[0m  [1mSELECT "clients".* FROM "clients"[0m
  Rendered clients/index.html.erb within layouts/application (0.7ms)
Completed 200 OK in 16ms (Views: 14.6ms | ActiveRecord: 0.2ms)


Started GET "/clients" for 127.0.0.1 at 2016-01-11 19:24:57 -0200
Processing by ClientsController#index as HTML
  [1m[35mClient Load (0.2ms)[0m  SELECT "clients".* FROM "clients"
  Rendered clients/index.html.erb within layouts/application (0.6ms)
Completed 200 OK in 13ms (Views: 11.8ms | ActiveRecord: 0.2ms)


Started GET "/assets/tools.self-e3b0c44298fc1c149afbf4c8996fb92427ae41e4649b934ca495991b7852b855.css?body=1" for 127.0.0.1 at 2016-01-11 19:24:58 -0200


Started GET "/assets/turbolinks.self-c37727e9bd6b2735da5c311aa83fead54ed0be6cc8bd9a65309e9c5abe2cbfff.js?body=1" for 127.0.0.1 at 2016-01-11 19:24:58 -0200


Started GET "/assets/application.self-e80e8f2318043e8af94dddc2adad5a4f09739a8ebb323b3ab31cd71d45fd9113.css?body=1" for 127.0.0.1 at 2016-01-11 19:24:58 -0200


Started GET "/assets/application.self-3b8dabdc891efe46b9a144b400ad69e37d7e5876bdc39dee783419a69d7ca819.js?body=1" for 127.0.0.1 at 2016-01-11 19:24:58 -0200


Started GET "/assets/jquery_ujs.self-d456baa54c1fa6be2ec3711f0a72ddf7a5b2f34a6b4f515f33767d6207b7d4b3.js?body=1" for 127.0.0.1 at 2016-01-11 19:24:58 -0200


Started GET "/assets/jquery.self-a714331225dda820228db323939889f149aec0127aeb06255646b616ba1ca419.js?body=1" for 127.0.0.1 at 2016-01-11 19:24:58 -0200


Started GET "/assets/tools.self-877aef30ae1b040ab8a3aba4e3e309a11d7f2612f44dde450b5c157aa5f95c05.js?body=1" for 127.0.0.1 at 2016-01-11 19:24:58 -0200


Started GET "/clients" for 127.0.0.1 at 2016-01-11 19:24:59 -0200
Processing by ClientsController#index as HTML
  [1m[36mClient Load (0.2ms)[0m  [1mSELECT "clients".* FROM "clients"[0m
  Rendered clients/index.html.erb within layouts/application (0.6ms)
Completed 200 OK in 12ms (Views: 11.0ms | ActiveRecord: 0.2ms)


Started GET "/assets/application.self-e80e8f2318043e8af94dddc2adad5a4f09739a8ebb323b3ab31cd71d45fd9113.css?body=1" for 127.0.0.1 at 2016-01-11 19:24:59 -0200


Started GET "/assets/tools.self-e3b0c44298fc1c149afbf4c8996fb92427ae41e4649b934ca495991b7852b855.css?body=1" for 127.0.0.1 at 2016-01-11 19:24:59 -0200


Started GET "/assets/tools.self-877aef30ae1b040ab8a3aba4e3e309a11d7f2612f44dde450b5c157aa5f95c05.js?body=1" for 127.0.0.1 at 2016-01-11 19:24:59 -0200


Started GET "/assets/turbolinks.self-c37727e9bd6b2735da5c311aa83fead54ed0be6cc8bd9a65309e9c5abe2cbfff.js?body=1" for 127.0.0.1 at 2016-01-11 19:24:59 -0200


Started GET "/assets/jquery_ujs.self-d456baa54c1fa6be2ec3711f0a72ddf7a5b2f34a6b4f515f33767d6207b7d4b3.js?body=1" for 127.0.0.1 at 2016-01-11 19:24:59 -0200


Started GET "/assets/jquery.self-a714331225dda820228db323939889f149aec0127aeb06255646b616ba1ca419.js?body=1" for 127.0.0.1 at 2016-01-11 19:24:59 -0200


Started GET "/assets/application.self-3b8dabdc891efe46b9a144b400ad69e37d7e5876bdc39dee783419a69d7ca819.js?body=1" for 127.0.0.1 at 2016-01-11 19:24:59 -0200


Started GET "/clients" for 127.0.0.1 at 2016-01-11 19:24:59 -0200
Processing by ClientsController#index as HTML
  [1m[35mClient Load (0.2ms)[0m  SELECT "clients".* FROM "clients"
  Rendered clients/index.html.erb within layouts/application (0.6ms)
Completed 200 OK in 12ms (Views: 11.8ms | ActiveRecord: 0.2ms)


Started GET "/assets/tools.self-e3b0c44298fc1c149afbf4c8996fb92427ae41e4649b934ca495991b7852b855.css?body=1" for 127.0.0.1 at 2016-01-11 19:24:59 -0200


Started GET "/assets/application.self-e80e8f2318043e8af94dddc2adad5a4f09739a8ebb323b3ab31cd71d45fd9113.css?body=1" for 127.0.0.1 at 2016-01-11 19:24:59 -0200


Started GET "/assets/jquery_ujs.self-d456baa54c1fa6be2ec3711f0a72ddf7a5b2f34a6b4f515f33767d6207b7d4b3.js?body=1" for 127.0.0.1 at 2016-01-11 19:24:59 -0200


Started GET "/assets/application.self-3b8dabdc891efe46b9a144b400ad69e37d7e5876bdc39dee783419a69d7ca819.js?body=1" for 127.0.0.1 at 2016-01-11 19:24:59 -0200


Started GET "/assets/tools.self-877aef30ae1b040ab8a3aba4e3e309a11d7f2612f44dde450b5c157aa5f95c05.js?body=1" for 127.0.0.1 at 2016-01-11 19:24:59 -0200


Started GET "/assets/turbolinks.self-c37727e9bd6b2735da5c311aa83fead54ed0be6cc8bd9a65309e9c5abe2cbfff.js?body=1" for 127.0.0.1 at 2016-01-11 19:24:59 -0200


Started GET "/assets/jquery.self-a714331225dda820228db323939889f149aec0127aeb06255646b616ba1ca419.js?body=1" for 127.0.0.1 at 2016-01-11 19:24:59 -0200


Started GET "/clients" for 127.0.0.1 at 2016-01-11 19:26:07 -0200
Processing by ClientsController#index as HTML
  [1m[36mClient Load (0.2ms)[0m  [1mSELECT "clients".* FROM "clients"[0m
  Rendered clients/index.html.erb within layouts/application (1.1ms)
Completed 200 OK in 12ms (Views: 10.9ms | ActiveRecord: 0.2ms)


Started GET "/assets/tools.self-e3b0c44298fc1c149afbf4c8996fb92427ae41e4649b934ca495991b7852b855.css?body=1" for 127.0.0.1 at 2016-01-11 19:26:08 -0200


Started GET "/assets/application.self-e80e8f2318043e8af94dddc2adad5a4f09739a8ebb323b3ab31cd71d45fd9113.css?body=1" for 127.0.0.1 at 2016-01-11 19:26:08 -0200


Started GET "/assets/turbolinks.self-c37727e9bd6b2735da5c311aa83fead54ed0be6cc8bd9a65309e9c5abe2cbfff.js?body=1" for 127.0.0.1 at 2016-01-11 19:26:08 -0200


Started GET "/assets/jquery.self-a714331225dda820228db323939889f149aec0127aeb06255646b616ba1ca419.js?body=1" for 127.0.0.1 at 2016-01-11 19:26:08 -0200


Started GET "/assets/tools.self-877aef30ae1b040ab8a3aba4e3e309a11d7f2612f44dde450b5c157aa5f95c05.js?body=1" for 127.0.0.1 at 2016-01-11 19:26:08 -0200


Started GET "/assets/application.self-3b8dabdc891efe46b9a144b400ad69e37d7e5876bdc39dee783419a69d7ca819.js?body=1" for 127.0.0.1 at 2016-01-11 19:26:08 -0200


Started GET "/assets/jquery_ujs.self-d456baa54c1fa6be2ec3711f0a72ddf7a5b2f34a6b4f515f33767d6207b7d4b3.js?body=1" for 127.0.0.1 at 2016-01-11 19:26:08 -0200


Started GET "/clients" for 127.0.0.1 at 2016-01-11 19:26:18 -0200
Processing by ClientsController#index as HTML
  [1m[35mClient Load (0.4ms)[0m  SELECT "clients".* FROM "clients"
  Rendered clients/index.html.erb within layouts/application (5.6ms)
Completed 500 Internal Server Error in 10ms (ActiveRecord: 0.4ms)

ActionView::Template::Error (undefined method `name' for #<Client:0x007fa1c4b1ac70>):
    1: <% @clients.each do |client| %>
    2:   <%= client.company_name %>
    3:   <%= client.cnpj %>
    4:   <%= link_to client.name, 'Show more' %>
    5: <% end %>
  app/views/clients/index.html.erb:4:in `block in _app_views_clients_index_html_erb___471191091545304129_70166110079200'
  app/views/clients/index.html.erb:1:in `_app_views_clients_index_html_erb___471191091545304129_70166110079200'


  Rendered /home/campuscode/.rvm/gems/ruby-2.2.1/gems/actionpack-4.2.5/lib/action_dispatch/middleware/templates/rescues/_source.erb (6.6ms)
  Rendered /home/campuscode/.rvm/gems/ruby-2.2.1/gems/actionpack-4.2.5/lib/action_dispatch/middleware/templates/rescues/_trace.html.erb (1.9ms)
  Rendered /home/campuscode/.rvm/gems/ruby-2.2.1/gems/actionpack-4.2.5/lib/action_dispatch/middleware/templates/rescues/_request_and_response.html.erb (0.9ms)
  Rendered /home/campuscode/.rvm/gems/ruby-2.2.1/gems/actionpack-4.2.5/lib/action_dispatch/middleware/templates/rescues/template_error.html.erb within rescues/layout (21.3ms)
  Rendered /home/campuscode/.rvm/gems/ruby-2.2.1/gems/web-console-2.2.1/lib/web_console/templates/_markup.html.erb (0.3ms)
  Rendered /home/campuscode/.rvm/gems/ruby-2.2.1/gems/web-console-2.2.1/lib/web_console/templates/_inner_console_markup.html.erb within layouts/inlined_string (0.6ms)
  Rendered /home/campuscode/.rvm/gems/ruby-2.2.1/gems/web-console-2.2.1/lib/web_console/templates/_prompt_box_markup.html.erb within layouts/inlined_string (0.6ms)
  Rendered /home/campuscode/.rvm/gems/ruby-2.2.1/gems/web-console-2.2.1/lib/web_console/templates/style.css.erb within layouts/inlined_string (0.3ms)
  Rendered /home/campuscode/.rvm/gems/ruby-2.2.1/gems/web-console-2.2.1/lib/web_console/templates/console.js.erb within layouts/javascript (18.0ms)
  Rendered /home/campuscode/.rvm/gems/ruby-2.2.1/gems/web-console-2.2.1/lib/web_console/templates/main.js.erb within layouts/javascript (0.3ms)
  Rendered /home/campuscode/.rvm/gems/ruby-2.2.1/gems/web-console-2.2.1/lib/web_console/templates/error_page.js.erb within layouts/javascript (0.3ms)
  Rendered /home/campuscode/.rvm/gems/ruby-2.2.1/gems/web-console-2.2.1/lib/web_console/templates/index.html.erb (33.1ms)


Started GET "/clients" for 127.0.0.1 at 2016-01-11 19:26:38 -0200
Processing by ClientsController#index as HTML
  [1m[36mClient Load (0.2ms)[0m  [1mSELECT "clients".* FROM "clients"[0m
  Rendered clients/index.html.erb within layouts/application (1.0ms)
Completed 200 OK in 17ms (Views: 15.9ms | ActiveRecord: 0.2ms)


Started GET "/assets/tools.self-e3b0c44298fc1c149afbf4c8996fb92427ae41e4649b934ca495991b7852b855.css?body=1" for 127.0.0.1 at 2016-01-11 19:26:38 -0200


Started GET "/assets/jquery.self-a714331225dda820228db323939889f149aec0127aeb06255646b616ba1ca419.js?body=1" for 127.0.0.1 at 2016-01-11 19:26:38 -0200


Started GET "/assets/turbolinks.self-c37727e9bd6b2735da5c311aa83fead54ed0be6cc8bd9a65309e9c5abe2cbfff.js?body=1" for 127.0.0.1 at 2016-01-11 19:26:38 -0200


Started GET "/assets/application.self-e80e8f2318043e8af94dddc2adad5a4f09739a8ebb323b3ab31cd71d45fd9113.css?body=1" for 127.0.0.1 at 2016-01-11 19:26:38 -0200


Started GET "/assets/jquery_ujs.self-d456baa54c1fa6be2ec3711f0a72ddf7a5b2f34a6b4f515f33767d6207b7d4b3.js?body=1" for 127.0.0.1 at 2016-01-11 19:26:38 -0200


Started GET "/assets/tools.self-877aef30ae1b040ab8a3aba4e3e309a11d7f2612f44dde450b5c157aa5f95c05.js?body=1" for 127.0.0.1 at 2016-01-11 19:26:38 -0200


Started GET "/assets/application.self-3b8dabdc891efe46b9a144b400ad69e37d7e5876bdc39dee783419a69d7ca819.js?body=1" for 127.0.0.1 at 2016-01-11 19:26:38 -0200


Started GET "/clients" for 127.0.0.1 at 2016-01-11 19:27:09 -0200
Processing by ClientsController#index as HTML
  [1m[35mClient Load (0.3ms)[0m  SELECT "clients".* FROM "clients"
  Rendered clients/index.html.erb within layouts/application (1.9ms)
Completed 200 OK in 29ms (Views: 28.3ms | ActiveRecord: 0.3ms)


Started GET "/assets/tools.self-e3b0c44298fc1c149afbf4c8996fb92427ae41e4649b934ca495991b7852b855.css?body=1" for 127.0.0.1 at 2016-01-11 19:27:09 -0200


Started GET "/assets/jquery_ujs.self-d456baa54c1fa6be2ec3711f0a72ddf7a5b2f34a6b4f515f33767d6207b7d4b3.js?body=1" for 127.0.0.1 at 2016-01-11 19:27:09 -0200


Started GET "/assets/application.self-e80e8f2318043e8af94dddc2adad5a4f09739a8ebb323b3ab31cd71d45fd9113.css?body=1" for 127.0.0.1 at 2016-01-11 19:27:09 -0200


Started GET "/assets/jquery.self-a714331225dda820228db323939889f149aec0127aeb06255646b616ba1ca419.js?body=1" for 127.0.0.1 at 2016-01-11 19:27:09 -0200


Started GET "/assets/application.self-3b8dabdc891efe46b9a144b400ad69e37d7e5876bdc39dee783419a69d7ca819.js?body=1" for 127.0.0.1 at 2016-01-11 19:27:09 -0200


Started GET "/assets/tools.self-877aef30ae1b040ab8a3aba4e3e309a11d7f2612f44dde450b5c157aa5f95c05.js?body=1" for 127.0.0.1 at 2016-01-11 19:27:09 -0200


Started GET "/assets/turbolinks.self-c37727e9bd6b2735da5c311aa83fead54ed0be6cc8bd9a65309e9c5abe2cbfff.js?body=1" for 127.0.0.1 at 2016-01-11 19:27:09 -0200


Started GET "/clients/1" for 127.0.0.1 at 2016-01-11 19:27:11 -0200
Processing by ClientsController#show as HTML
  Parameters: {"id"=>"1"}
  [1m[36mClient Load (0.1ms)[0m  [1mSELECT  "clients".* FROM "clients" WHERE "clients"."id" = ? LIMIT 1[0m  [["id", 1]]
  Rendered clients/show.html.erb within layouts/application (0.4ms)
Completed 200 OK in 16ms (Views: 15.1ms | ActiveRecord: 0.1ms)


Started GET "/clients/1" for 127.0.0.1 at 2016-01-11 19:27:16 -0200
Processing by ClientsController#show as HTML
  Parameters: {"id"=>"1"}
  [1m[35mClient Load (0.1ms)[0m  SELECT  "clients".* FROM "clients" WHERE "clients"."id" = ? LIMIT 1  [["id", 1]]
  Rendered clients/show.html.erb within layouts/application (0.4ms)
Completed 200 OK in 16ms (Views: 15.0ms | ActiveRecord: 0.1ms)


Started GET "/assets/tools.self-e3b0c44298fc1c149afbf4c8996fb92427ae41e4649b934ca495991b7852b855.css?body=1" for 127.0.0.1 at 2016-01-11 19:27:16 -0200


Started GET "/assets/application.self-e80e8f2318043e8af94dddc2adad5a4f09739a8ebb323b3ab31cd71d45fd9113.css?body=1" for 127.0.0.1 at 2016-01-11 19:27:16 -0200


Started GET "/assets/jquery_ujs.self-d456baa54c1fa6be2ec3711f0a72ddf7a5b2f34a6b4f515f33767d6207b7d4b3.js?body=1" for 127.0.0.1 at 2016-01-11 19:27:16 -0200


Started GET "/assets/jquery.self-a714331225dda820228db323939889f149aec0127aeb06255646b616ba1ca419.js?body=1" for 127.0.0.1 at 2016-01-11 19:27:16 -0200


Started GET "/assets/turbolinks.self-c37727e9bd6b2735da5c311aa83fead54ed0be6cc8bd9a65309e9c5abe2cbfff.js?body=1" for 127.0.0.1 at 2016-01-11 19:27:16 -0200


Started GET "/assets/tools.self-877aef30ae1b040ab8a3aba4e3e309a11d7f2612f44dde450b5c157aa5f95c05.js?body=1" for 127.0.0.1 at 2016-01-11 19:27:16 -0200


Started GET "/assets/application.self-3b8dabdc891efe46b9a144b400ad69e37d7e5876bdc39dee783419a69d7ca819.js?body=1" for 127.0.0.1 at 2016-01-11 19:27:16 -0200


Started GET "/clients" for 127.0.0.1 at 2016-01-11 19:27:24 -0200
Processing by ClientsController#index as HTML
  [1m[36mClient Load (0.2ms)[0m  [1mSELECT "clients".* FROM "clients"[0m
  Rendered clients/index.html.erb within layouts/application (1.3ms)
Completed 200 OK in 19ms (Views: 18.0ms | ActiveRecord: 0.2ms)


Started GET "/clients/1" for 127.0.0.1 at 2016-01-11 19:27:25 -0200
Processing by ClientsController#show as HTML
  Parameters: {"id"=>"1"}
  [1m[35mClient Load (0.4ms)[0m  SELECT  "clients".* FROM "clients" WHERE "clients"."id" = ? LIMIT 1  [["id", 1]]
  Rendered clients/show.html.erb within layouts/application (0.5ms)
Completed 200 OK in 17ms (Views: 13.8ms | ActiveRecord: 0.4ms)


Started GET "/clients/1" for 127.0.0.1 at 2016-01-11 19:27:34 -0200
Processing by ClientsController#show as HTML
  Parameters: {"id"=>"1"}
  [1m[36mClient Load (0.1ms)[0m  [1mSELECT  "clients".* FROM "clients" WHERE "clients"."id" = ? LIMIT 1[0m  [["id", 1]]
  Rendered clients/show.html.erb within layouts/application (0.1ms)
Completed 200 OK in 17ms (Views: 16.2ms | ActiveRecord: 0.1ms)


Started GET "/clients/" for 127.0.0.1 at 2016-01-11 19:44:13 -0200
  [1m[36mActiveRecord::SchemaMigration Load (0.1ms)[0m  [1mSELECT "schema_migrations".* FROM "schema_migrations"[0m
Processing by ClientsController#index as HTML
  [1m[35mClient Load (0.2ms)[0m  SELECT "clients".* FROM "clients"
  Rendered clients/index.html.erb within layouts/application (13.0ms)
Completed 200 OK in 227ms (Views: 206.5ms | ActiveRecord: 1.0ms)


Started GET "/clients/1" for 127.0.0.1 at 2016-01-11 19:44:16 -0200
Processing by ClientsController#show as HTML
  Parameters: {"id"=>"1"}
  [1m[36mClient Load (0.2ms)[0m  [1mSELECT  "clients".* FROM "clients" WHERE "clients"."id" = ? LIMIT 1[0m  [["id", 1]]
  Rendered clients/show.html.erb within layouts/application (1.1ms)
Completed 200 OK in 44ms (Views: 32.1ms | ActiveRecord: 0.2ms)
